<?xml version="1.0" encoding="UTF-8"?>
<coverage generated="1777330886572" clover="3.2.0">
  <project timestamp="1777330886572" name="All files">
    <metrics statements="123" coveredstatements="123" conditionals="52" coveredconditionals="50" methods="6" coveredmethods="6" elements="181" coveredelements="179" complexity="0" loc="123" ncloc="123" packages="1" files="3" classes="3"/>
    <file name="formatter.ts" path="/Users/dangayle/src/modular/src/formatter.ts">
      <metrics statements="22" coveredstatements="22" conditionals="17" coveredconditionals="17" methods="3" coveredmethods="3"/>
      <line num="7" count="14" type="cond" truecount="1" falsecount="0"/>
      <line num="8" count="14" type="stmt"/>
      <line num="9" count="14" type="cond" truecount="1" falsecount="0"/>
      <line num="10" count="14" type="cond" truecount="1" falsecount="0"/>
      <line num="11" count="14" type="cond" truecount="2" falsecount="0"/>
      <line num="12" count="14" type="stmt"/>
      <line num="17" count="1" type="cond" truecount="1" falsecount="0"/>
      <line num="18" count="12" type="stmt"/>
      <line num="20" count="12" type="cond" truecount="2" falsecount="0"/>
      <line num="22" count="11" type="cond" truecount="1" falsecount="0"/>
      <line num="23" count="27" type="cond" truecount="2" falsecount="0"/>
      <line num="24" count="27" type="stmt"/>
      <line num="25" count="11" type="stmt"/>
      <line num="27" count="11" type="stmt"/>
      <line num="28" count="11" type="stmt"/>
      <line num="33" count="1" type="cond" truecount="1" falsecount="0"/>
      <line num="34" count="6" type="cond" truecount="2" falsecount="0"/>
      <line num="35" count="5" type="cond" truecount="1" falsecount="0"/>
      <line num="36" count="13" type="cond" truecount="2" falsecount="0"/>
      <line num="37" count="13" type="stmt"/>
      <line num="38" count="5" type="stmt"/>
      <line num="39" count="5" type="stmt"/>
    </file>
    <file name="index.ts" path="/Users/dangayle/src/modular/src/index.ts">
      <metrics statements="55" coveredstatements="55" conditionals="14" coveredconditionals="13" methods="0" coveredmethods="0"/>
      <line num="1" count="1" type="stmt"/>
      <line num="2" count="1" type="stmt"/>
      <line num="3" count="1" type="stmt"/>
      <line num="5" count="1" type="stmt"/>
      <line num="8" count="1" type="cond" truecount="1" falsecount="0"/>
      <line num="9" count="1" type="stmt"/>
      <line num="99" count="1" type="stmt"/>
      <line num="100" count="1" type="stmt"/>
      <line num="103" count="1" type="cond" truecount="1" falsecount="0"/>
      <line num="104" count="9" type="cond" truecount="1" falsecount="0"/>
      <line num="105" count="9" type="stmt"/>
      <line num="107" count="9" type="cond" truecount="1" falsecount="0"/>
      <line num="108" count="2" type="stmt"/>
      <line num="109" count="2" type="cond" truecount="1" falsecount="0"/>
      <line num="111" count="7" type="stmt"/>
      <line num="112" count="9" type="cond" truecount="1" falsecount="0"/>
      <line num="113" count="1" type="stmt"/>
      <line num="114" count="1" type="cond" truecount="1" falsecount="0"/>
      <line num="116" count="6" type="stmt"/>
      <line num="117" count="6" type="stmt"/>
      <line num="118" count="6" type="stmt"/>
      <line num="119" count="6" type="stmt"/>
      <line num="120" count="6" type="stmt"/>
      <line num="121" count="6" type="stmt"/>
      <line num="122" count="6" type="stmt"/>
      <line num="123" count="6" type="stmt"/>
      <line num="124" count="6" type="stmt"/>
      <line num="125" count="6" type="stmt"/>
      <line num="126" count="6" type="cond" truecount="1" falsecount="0"/>
      <line num="127" count="9" type="cond" truecount="1" falsecount="0"/>
      <line num="128" count="1" type="stmt"/>
      <line num="129" count="1" type="cond" truecount="1" falsecount="0"/>
      <line num="131" count="9" type="cond" truecount="1" falsecount="0"/>
      <line num="132" count="1" type="stmt"/>
      <line num="133" count="1" type="stmt"/>
      <line num="134" count="1" type="stmt"/>
      <line num="135" count="1" type="stmt"/>
      <line num="136" count="1" type="cond" truecount="1" falsecount="0"/>
      <line num="138" count="4" type="stmt"/>
      <line num="140" count="4" type="stmt"/>
      <line num="141" count="4" type="stmt"/>
      <line num="142" count="4" type="stmt"/>
      <line num="143" count="4" type="stmt"/>
      <line num="144" count="4" type="stmt"/>
      <line num="146" count="4" type="stmt"/>
      <line num="147" count="4" type="stmt"/>
      <line num="148" count="4" type="stmt"/>
      <line num="149" count="4" type="stmt"/>
      <line num="150" count="4" type="stmt"/>
      <line num="151" count="9" type="cond" truecount="1" falsecount="0"/>
      <line num="152" count="1" type="cond" truecount="0" falsecount="1"/>
      <line num="153" count="1" type="stmt"/>
      <line num="154" count="1" type="stmt"/>
      <line num="155" count="9" type="stmt"/>
      <line num="157" count="1" type="stmt"/>
    </file>
    <file name="parser.ts" path="/Users/dangayle/src/modular/src/parser.ts">
      <metrics statements="46" coveredstatements="46" conditionals="21" coveredconditionals="20" methods="3" coveredmethods="3"/>
      <line num="7" count="1" type="cond" truecount="1" falsecount="0"/>
      <line num="8" count="13" type="cond" truecount="2" falsecount="0"/>
      <line num="9" count="12" type="stmt"/>
      <line num="10" count="12" type="stmt"/>
      <line num="11" count="12" type="stmt"/>
      <line num="12" count="13" type="cond" truecount="2" falsecount="0"/>
      <line num="13" count="13" type="stmt"/>
      <line num="19" count="1" type="cond" truecount="1" falsecount="0"/>
      <line num="20" count="15" type="stmt"/>
      <line num="21" count="15" type="stmt"/>
      <line num="22" count="15" type="stmt"/>
      <line num="24" count="15" type="cond" truecount="1" falsecount="0"/>
      <line num="25" count="2" type="stmt"/>
      <line num="26" count="2" type="cond" truecount="1" falsecount="0"/>
      <line num="28" count="13" type="stmt"/>
      <line num="29" count="13" type="stmt"/>
      <line num="31" count="13" type="stmt"/>
      <line num="32" count="13" type="cond" truecount="1" falsecount="0"/>
      <line num="33" count="26" type="stmt"/>
      <line num="34" count="26" type="stmt"/>
      <line num="35" count="26" type="stmt"/>
      <line num="36" count="26" type="stmt"/>
      <line num="37" count="26" type="cond" truecount="1" falsecount="0"/>
      <line num="38" count="26" type="stmt"/>
      <line num="39" count="26" type="stmt"/>
      <line num="40" count="26" type="stmt"/>
      <line num="41" count="26" type="stmt"/>
      <line num="42" count="26" type="stmt"/>
      <line num="43" count="26" type="stmt"/>
      <line num="44" count="13" type="stmt"/>
      <line num="47" count="13" type="cond" truecount="1" falsecount="0"/>
      <line num="48" count="28" type="cond" truecount="1" falsecount="0"/>
      <line num="49" count="14" type="stmt"/>
      <line num="50" count="13" type="stmt"/>
      <line num="52" count="13" type="stmt"/>
      <line num="53" count="13" type="stmt"/>
      <line num="54" count="13" type="stmt"/>
      <line num="55" count="13" type="stmt"/>
      <line num="56" count="13" type="stmt"/>
      <line num="57" count="13" type="stmt"/>
      <line num="58" count="13" type="stmt"/>
      <line num="60" count="52" type="cond" truecount="1" falsecount="0"/>
      <line num="61" count="52" type="cond" truecount="4" falsecount="0"/>
      <line num="62" count="52" type="cond" truecount="2" falsecount="0"/>
      <line num="63" count="52" type="cond" truecount="1" falsecount="1"/>
      <line num="64" count="52" type="stmt"/>
    </file>
  </project>
</coverage>
