{"/Users/dangayle/src/modular/src/formatter.ts": {"path":"/Users/dangayle/src/modular/src/formatter.ts","all":false,"statementMap":{"6":{"start":{"line":7,"column":0},"end":{"line":7,"column":47}},"7":{"start":{"line":8,"column":0},"end":{"line":8,"column":29}},"8":{"start":{"line":9,"column":0},"end":{"line":9,"column":59}},"9":{"start":{"line":10,"column":0},"end":{"line":10,"column":59}},"10":{"start":{"line":11,"column":0},"end":{"line":11,"column":59}},"11":{"start":{"line":12,"column":0},"end":{"line":12,"column":1}},"16":{"start":{"line":17,"column":0},"end":{"line":17,"column":87}},"17":{"start":{"line":18,"column":0},"end":{"line":18,"column":140}},"19":{"start":{"line":20,"column":0},"end":{"line":20,"column":47}},"21":{"start":{"line":22,"column":0},"end":{"line":22,"column":43}},"22":{"start":{"line":23,"column":0},"end":{"line":23,"column":63}},"23":{"start":{"line":24,"column":0},"end":{"line":24,"column":63}},"24":{"start":{"line":25,"column":0},"end":{"line":25,"column":5}},"26":{"start":{"line":27,"column":0},"end":{"line":27,"column":42}},"27":{"start":{"line":28,"column":0},"end":{"line":28,"column":1}},"32":{"start":{"line":33,"column":0},"end":{"line":33,"column":88}},"33":{"start":{"line":34,"column":0},"end":{"line":34,"column":43}},"34":{"start":{"line":35,"column":0},"end":{"line":35,"column":36}},"35":{"start":{"line":36,"column":0},"end":{"line":36,"column":63}},"36":{"start":{"line":37,"column":0},"end":{"line":37,"column":47}},"37":{"start":{"line":38,"column":0},"end":{"line":38,"column":16}},"38":{"start":{"line":39,"column":0},"end":{"line":39,"column":1}}},"s":{"6":14,"7":14,"8":14,"9":14,"10":14,"11":14,"16":1,"17":12,"19":12,"21":11,"22":27,"23":27,"24":11,"26":11,"27":11,"32":1,"33":6,"34":5,"35":13,"36":13,"37":5,"38":5},"branchMap":{"0":{"type":"branch","line":7,"loc":{"start":{"line":7,"column":0},"end":{"line":12,"column":1}},"locations":[{"start":{"line":7,"column":0},"end":{"line":12,"column":1}}]},"1":{"type":"branch","line":9,"loc":{"start":{"line":9,"column":28},"end":{"line":9,"column":59}},"locations":[{"start":{"line":9,"column":28},"end":{"line":9,"column":59}}]},"2":{"type":"branch","line":10,"loc":{"start":{"line":10,"column":28},"end":{"line":10,"column":59}},"locations":[{"start":{"line":10,"column":28},"end":{"line":10,"column":59}}]},"3":{"type":"branch","line":11,"loc":{"start":{"line":11,"column":24},"end":{"line":11,"column":56}},"locations":[{"start":{"line":11,"column":24},"end":{"line":11,"column":56}}]},"4":{"type":"branch","line":11,"loc":{"start":{"line":11,"column":51},"end":{"line":11,"column":59}},"locations":[{"start":{"line":11,"column":51},"end":{"line":11,"column":59}}]},"5":{"type":"branch","line":17,"loc":{"start":{"line":17,"column":7},"end":{"line":28,"column":1}},"locations":[{"start":{"line":17,"column":7},"end":{"line":28,"column":1}}]},"6":{"type":"branch","line":20,"loc":{"start":{"line":20,"column":33},"end":{"line":20,"column":47}},"locations":[{"start":{"line":20,"column":33},"end":{"line":20,"column":47}}]},"7":{"type":"branch","line":20,"loc":{"start":{"line":20,"column":40},"end":{"line":28,"column":1}},"locations":[{"start":{"line":20,"column":40},"end":{"line":28,"column":1}}]},"8":{"type":"branch","line":22,"loc":{"start":{"line":22,"column":33},"end":{"line":25,"column":3}},"locations":[{"start":{"line":22,"column":33},"end":{"line":25,"column":3}}]},"9":{"type":"branch","line":23,"loc":{"start":{"line":23,"column":26},"end":{"line":23,"column":60}},"locations":[{"start":{"line":23,"column":26},"end":{"line":23,"column":60}}]},"10":{"type":"branch","line":23,"loc":{"start":{"line":23,"column":56},"end":{"line":23,"column":63}},"locations":[{"start":{"line":23,"column":56},"end":{"line":23,"column":63}}]},"11":{"type":"branch","line":33,"loc":{"start":{"line":33,"column":7},"end":{"line":39,"column":1}},"locations":[{"start":{"line":33,"column":7},"end":{"line":39,"column":1}}]},"12":{"type":"branch","line":34,"loc":{"start":{"line":34,"column":33},"end":{"line":34,"column":43}},"locations":[{"start":{"line":34,"column":33},"end":{"line":34,"column":43}}]},"13":{"type":"branch","line":34,"loc":{"start":{"line":34,"column":40},"end":{"line":39,"column":1}},"locations":[{"start":{"line":34,"column":40},"end":{"line":39,"column":1}}]},"14":{"type":"branch","line":35,"loc":{"start":{"line":35,"column":26},"end":{"line":38,"column":3}},"locations":[{"start":{"line":35,"column":26},"end":{"line":38,"column":3}}]},"15":{"type":"branch","line":36,"loc":{"start":{"line":36,"column":26},"end":{"line":36,"column":60}},"locations":[{"start":{"line":36,"column":26},"end":{"line":36,"column":60}}]},"16":{"type":"branch","line":36,"loc":{"start":{"line":36,"column":56},"end":{"line":36,"column":63}},"locations":[{"start":{"line":36,"column":56},"end":{"line":36,"column":63}}]}},"b":{"0":[14],"1":[13],"2":[12],"3":[13],"4":[1],"5":[12],"6":[1],"7":[11],"8":[27],"9":[8],"10":[19],"11":[6],"12":[1],"13":[5],"14":[13],"15":[6],"16":[7]},"fnMap":{"0":{"name":"formatPrice","decl":{"start":{"line":7,"column":0},"end":{"line":12,"column":1}},"loc":{"start":{"line":7,"column":0},"end":{"line":12,"column":1}},"line":7},"1":{"name":"formatAsMarkdown","decl":{"start":{"line":17,"column":7},"end":{"line":28,"column":1}},"loc":{"start":{"line":17,"column":7},"end":{"line":28,"column":1}},"line":17},"2":{"name":"formatAsPlainList","decl":{"start":{"line":33,"column":7},"end":{"line":39,"column":1}},"loc":{"start":{"line":33,"column":7},"end":{"line":39,"column":1}},"line":33}},"f":{"0":14,"1":12,"2":6}}
,"/Users/dangayle/src/modular/src/index.ts": {"path":"/Users/dangayle/src/modular/src/index.ts","all":false,"statementMap":{"0":{"start":{"line":1,"column":0},"end":{"line":1,"column":28}},"1":{"start":{"line":2,"column":0},"end":{"line":2,"column":57}},"2":{"start":{"line":3,"column":0},"end":{"line":3,"column":66}},"4":{"start":{"line":5,"column":0},"end":{"line":5,"column":23}},"7":{"start":{"line":8,"column":0},"end":{"line":8,"column":21}},"8":{"start":{"line":9,"column":0},"end":{"line":9,"column":32}},"98":{"start":{"line":99,"column":0},"end":{"line":99,"column":10}},"99":{"start":{"line":100,"column":0},"end":{"line":100,"column":3}},"102":{"start":{"line":103,"column":0},"end":{"line":103,"column":37}},"103":{"start":{"line":104,"column":0},"end":{"line":104,"column":52}},"104":{"start":{"line":105,"column":0},"end":{"line":105,"column":81}},"106":{"start":{"line":107,"column":0},"end":{"line":107,"column":13}},"107":{"start":{"line":108,"column":0},"end":{"line":108,"column":53}},"108":{"start":{"line":109,"column":0},"end":{"line":109,"column":3}},"110":{"start":{"line":111,"column":0},"end":{"line":111,"column":37}},"111":{"start":{"line":112,"column":0},"end":{"line":112,"column":16}},"112":{"start":{"line":113,"column":0},"end":{"line":113,"column":66}},"113":{"start":{"line":114,"column":0},"end":{"line":114,"column":3}},"115":{"start":{"line":116,"column":0},"end":{"line":116,"column":25}},"116":{"start":{"line":117,"column":0},"end":{"line":117,"column":7}},"117":{"start":{"line":118,"column":0},"end":{"line":118,"column":27}},"118":{"start":{"line":119,"column":0},"end":{"line":119,"column":59}},"119":{"start":{"line":120,"column":0},"end":{"line":120,"column":7}},"120":{"start":{"line":121,"column":0},"end":{"line":121,"column":18}},"121":{"start":{"line":122,"column":0},"end":{"line":122,"column":23}},"122":{"start":{"line":123,"column":0},"end":{"line":123,"column":95}},"123":{"start":{"line":124,"column":0},"end":{"line":124,"column":10}},"124":{"start":{"line":125,"column":0},"end":{"line":125,"column":7}},"125":{"start":{"line":126,"column":0},"end":{"line":126,"column":6}},"126":{"start":{"line":127,"column":0},"end":{"line":127,"column":17}},"127":{"start":{"line":128,"column":0},"end":{"line":128,"column":63}},"128":{"start":{"line":129,"column":0},"end":{"line":129,"column":3}},"130":{"start":{"line":131,"column":0},"end":{"line":131,"column":21}},"131":{"start":{"line":132,"column":0},"end":{"line":132,"column":18}},"132":{"start":{"line":133,"column":0},"end":{"line":133,"column":66}},"133":{"start":{"line":134,"column":0},"end":{"line":134,"column":9}},"134":{"start":{"line":135,"column":0},"end":{"line":135,"column":6}},"135":{"start":{"line":136,"column":0},"end":{"line":136,"column":3}},"137":{"start":{"line":138,"column":0},"end":{"line":138,"column":37}},"139":{"start":{"line":140,"column":0},"end":{"line":140,"column":7}},"140":{"start":{"line":141,"column":0},"end":{"line":141,"column":37}},"141":{"start":{"line":142,"column":0},"end":{"line":142,"column":56}},"142":{"start":{"line":143,"column":0},"end":{"line":143,"column":62}},"143":{"start":{"line":144,"column":0},"end":{"line":144,"column":60}},"145":{"start":{"line":146,"column":0},"end":{"line":146,"column":19}},"146":{"start":{"line":147,"column":0},"end":{"line":147,"column":11}},"147":{"start":{"line":148,"column":0},"end":{"line":148,"column":31}},"148":{"start":{"line":149,"column":0},"end":{"line":149,"column":25}},"149":{"start":{"line":150,"column":0},"end":{"line":150,"column":7}},"150":{"start":{"line":151,"column":0},"end":{"line":151,"column":17}},"151":{"start":{"line":152,"column":0},"end":{"line":152,"column":71}},"152":{"start":{"line":153,"column":0},"end":{"line":153,"column":70}},"153":{"start":{"line":154,"column":0},"end":{"line":154,"column":3}},"154":{"start":{"line":155,"column":0},"end":{"line":155,"column":3}},"156":{"start":{"line":157,"column":0},"end":{"line":157,"column":19}}},"s":{"0":1,"1":1,"2":1,"4":1,"7":1,"8":1,"98":1,"99":1,"102":1,"103":9,"104":9,"106":9,"107":2,"108":2,"110":7,"111":9,"112":1,"113":1,"115":6,"116":6,"117":6,"118":6,"119":6,"120":6,"121":6,"122":6,"123":6,"124":6,"125":6,"126":9,"127":1,"128":1,"130":9,"131":1,"132":1,"133":1,"134":1,"135":1,"137":4,"139":4,"140":4,"141":4,"142":4,"143":4,"145":4,"146":4,"147":4,"148":4,"149":4,"150":9,"151":1,"152":1,"153":1,"154":9,"156":1},"branchMap":{"0":{"type":"branch","line":8,"loc":{"start":{"line":8,"column":13},"end":{"line":100,"column":3}},"locations":[{"start":{"line":8,"column":13},"end":{"line":100,"column":3}}]},"1":{"type":"branch","line":103,"loc":{"start":{"line":103,"column":23},"end":{"line":155,"column":3}},"locations":[{"start":{"line":103,"column":23},"end":{"line":155,"column":3}}]},"2":{"type":"branch","line":107,"loc":{"start":{"line":107,"column":12},"end":{"line":109,"column":3}},"locations":[{"start":{"line":107,"column":12},"end":{"line":109,"column":3}}]},"3":{"type":"branch","line":109,"loc":{"start":{"line":109,"column":2},"end":{"line":112,"column":15}},"locations":[{"start":{"line":109,"column":2},"end":{"line":112,"column":15}}]},"4":{"type":"branch","line":112,"loc":{"start":{"line":112,"column":15},"end":{"line":114,"column":3}},"locations":[{"start":{"line":112,"column":15},"end":{"line":114,"column":3}}]},"5":{"type":"branch","line":114,"loc":{"start":{"line":114,"column":2},"end":{"line":126,"column":6}},"locations":[{"start":{"line":114,"column":2},"end":{"line":126,"column":6}}]},"6":{"type":"branch","line":126,"loc":{"start":{"line":126,"column":4},"end":{"line":127,"column":11}},"locations":[{"start":{"line":126,"column":4},"end":{"line":127,"column":11}}]},"7":{"type":"branch","line":127,"loc":{"start":{"line":127,"column":2},"end":{"line":129,"column":3}},"locations":[{"start":{"line":127,"column":2},"end":{"line":129,"column":3}}]},"8":{"type":"branch","line":129,"loc":{"start":{"line":129,"column":2},"end":{"line":131,"column":20}},"locations":[{"start":{"line":129,"column":2},"end":{"line":131,"column":20}}]},"9":{"type":"branch","line":131,"loc":{"start":{"line":131,"column":20},"end":{"line":136,"column":3}},"locations":[{"start":{"line":131,"column":20},"end":{"line":136,"column":3}}]},"10":{"type":"branch","line":136,"loc":{"start":{"line":136,"column":2},"end":{"line":151,"column":11}},"locations":[{"start":{"line":136,"column":2},"end":{"line":151,"column":11}}]},"11":{"type":"branch","line":151,"loc":{"start":{"line":151,"column":2},"end":{"line":154,"column":3}},"locations":[{"start":{"line":151,"column":2},"end":{"line":154,"column":3}}]},"12":{"type":"branch","line":152,"loc":{"start":{"line":152,"column":47},"end":{"line":152,"column":71}},"locations":[{"start":{"line":152,"column":47},"end":{"line":152,"column":71}}]},"13":{"type":"branch","line":104,"loc":{"start":{"line":104,"column":40},"end":{"line":104,"column":50}},"locations":[{"start":{"line":104,"column":40},"end":{"line":104,"column":50}}]}},"b":{"0":[1],"1":[9],"2":[2],"3":[7],"4":[1],"5":[6],"6":[5],"7":[1],"8":[5],"9":[1],"10":[4],"11":[1],"12":[0],"13":[1]},"fnMap":{},"f":{}}
,"/Users/dangayle/src/modular/src/parser.ts": {"path":"/Users/dangayle/src/modular/src/parser.ts","all":false,"statementMap":{"6":{"start":{"line":7,"column":0},"end":{"line":7,"column":60}},"7":{"start":{"line":8,"column":0},"end":{"line":8,"column":24}},"8":{"start":{"line":9,"column":0},"end":{"line":9,"column":26}},"9":{"start":{"line":10,"column":0},"end":{"line":10,"column":71}},"10":{"start":{"line":11,"column":0},"end":{"line":11,"column":4}},"11":{"start":{"line":12,"column":0},"end":{"line":12,"column":33}},"12":{"start":{"line":13,"column":0},"end":{"line":13,"column":1}},"18":{"start":{"line":19,"column":0},"end":{"line":19,"column":55}},"19":{"start":{"line":20,"column":0},"end":{"line":20,"column":33}},"20":{"start":{"line":21,"column":0},"end":{"line":21,"column":82}},"21":{"start":{"line":22,"column":0},"end":{"line":22,"column":4}},"23":{"start":{"line":24,"column":0},"end":{"line":24,"column":21}},"24":{"start":{"line":25,"column":0},"end":{"line":25,"column":50}},"25":{"start":{"line":26,"column":0},"end":{"line":26,"column":3}},"27":{"start":{"line":28,"column":0},"end":{"line":28,"column":58}},"28":{"start":{"line":29,"column":0},"end":{"line":29,"column":55}},"30":{"start":{"line":31,"column":0},"end":{"line":31,"column":50}},"31":{"start":{"line":32,"column":0},"end":{"line":32,"column":42}},"32":{"start":{"line":33,"column":0},"end":{"line":33,"column":17}},"33":{"start":{"line":34,"column":0},"end":{"line":34,"column":21}},"34":{"start":{"line":35,"column":0},"end":{"line":35,"column":30}},"35":{"start":{"line":36,"column":0},"end":{"line":36,"column":21}},"36":{"start":{"line":37,"column":0},"end":{"line":37,"column":36}},"37":{"start":{"line":38,"column":0},"end":{"line":38,"column":35}},"38":{"start":{"line":39,"column":0},"end":{"line":39,"column":42}},"39":{"start":{"line":40,"column":0},"end":{"line":40,"column":42}},"40":{"start":{"line":41,"column":0},"end":{"line":41,"column":45}},"41":{"start":{"line":42,"column":0},"end":{"line":42,"column":45}},"42":{"start":{"line":43,"column":0},"end":{"line":43,"column":6}},"43":{"start":{"line":44,"column":0},"end":{"line":44,"column":4}},"46":{"start":{"line":47,"column":0},"end":{"line":47,"column":32}},"47":{"start":{"line":48,"column":0},"end":{"line":48,"column":46}},"48":{"start":{"line":49,"column":0},"end":{"line":49,"column":25}},"49":{"start":{"line":50,"column":0},"end":{"line":50,"column":5}},"51":{"start":{"line":52,"column":0},"end":{"line":52,"column":10}},"52":{"start":{"line":53,"column":0},"end":{"line":53,"column":16}},"53":{"start":{"line":54,"column":0},"end":{"line":54,"column":20}},"54":{"start":{"line":55,"column":0},"end":{"line":55,"column":28}},"55":{"start":{"line":56,"column":0},"end":{"line":56,"column":27}},"56":{"start":{"line":57,"column":0},"end":{"line":57,"column":4}},"57":{"start":{"line":58,"column":0},"end":{"line":58,"column":1}},"59":{"start":{"line":60,"column":0},"end":{"line":60,"column":79}},"60":{"start":{"line":61,"column":0},"end":{"line":61,"column":73}},"61":{"start":{"line":62,"column":0},"end":{"line":62,"column":68}},"62":{"start":{"line":63,"column":0},"end":{"line":63,"column":33}},"63":{"start":{"line":64,"column":0},"end":{"line":64,"column":1}}},"s":{"6":1,"7":13,"8":12,"9":12,"10":12,"11":13,"12":13,"18":1,"19":15,"20":15,"21":15,"23":15,"24":2,"25":2,"27":13,"28":13,"30":13,"31":13,"32":26,"33":26,"34":26,"35":26,"36":26,"37":26,"38":26,"39":26,"40":26,"41":26,"42":26,"43":13,"46":13,"47":28,"48":14,"49":13,"51":13,"52":13,"53":13,"54":13,"55":13,"56":13,"57":13,"59":52,"60":52,"61":52,"62":52,"63":52},"branchMap":{"0":{"type":"branch","line":7,"loc":{"start":{"line":7,"column":7},"end":{"line":13,"column":1}},"locations":[{"start":{"line":7,"column":7},"end":{"line":13,"column":1}}]},"1":{"type":"branch","line":8,"loc":{"start":{"line":8,"column":12},"end":{"line":8,"column":24}},"locations":[{"start":{"line":8,"column":12},"end":{"line":8,"column":24}}]},"2":{"type":"branch","line":8,"loc":{"start":{"line":8,"column":19},"end":{"line":12,"column":17}},"locations":[{"start":{"line":8,"column":19},"end":{"line":12,"column":17}}]},"3":{"type":"branch","line":12,"loc":{"start":{"line":12,"column":9},"end":{"line":12,"column":28}},"locations":[{"start":{"line":12,"column":9},"end":{"line":12,"column":28}}]},"4":{"type":"branch","line":12,"loc":{"start":{"line":12,"column":24},"end":{"line":12,"column":33}},"locations":[{"start":{"line":12,"column":24},"end":{"line":12,"column":33}}]},"5":{"type":"branch","line":19,"loc":{"start":{"line":19,"column":7},"end":{"line":58,"column":1}},"locations":[{"start":{"line":19,"column":7},"end":{"line":58,"column":1}}]},"6":{"type":"branch","line":24,"loc":{"start":{"line":24,"column":20},"end":{"line":26,"column":3}},"locations":[{"start":{"line":24,"column":20},"end":{"line":26,"column":3}}]},"7":{"type":"branch","line":26,"loc":{"start":{"line":26,"column":2},"end":{"line":58,"column":1}},"locations":[{"start":{"line":26,"column":2},"end":{"line":58,"column":1}}]},"8":{"type":"branch","line":32,"loc":{"start":{"line":32,"column":4},"end":{"line":43,"column":6}},"locations":[{"start":{"line":32,"column":4},"end":{"line":43,"column":6}}]},"9":{"type":"branch","line":37,"loc":{"start":{"line":37,"column":29},"end":{"line":37,"column":36}},"locations":[{"start":{"line":37,"column":29},"end":{"line":37,"column":36}}]},"10":{"type":"branch","line":47,"loc":{"start":{"line":47,"column":21},"end":{"line":50,"column":3}},"locations":[{"start":{"line":47,"column":21},"end":{"line":50,"column":3}}]},"11":{"type":"branch","line":48,"loc":{"start":{"line":48,"column":25},"end":{"line":49,"column":25}},"locations":[{"start":{"line":48,"column":25},"end":{"line":49,"column":25}}]},"12":{"type":"branch","line":60,"loc":{"start":{"line":60,"column":0},"end":{"line":64,"column":1}},"locations":[{"start":{"line":60,"column":0},"end":{"line":64,"column":1}}]},"13":{"type":"branch","line":61,"loc":{"start":{"line":61,"column":16},"end":{"line":61,"column":47}},"locations":[{"start":{"line":61,"column":16},"end":{"line":61,"column":47}}]},"14":{"type":"branch","line":61,"loc":{"start":{"line":61,"column":34},"end":{"line":61,"column":61}},"locations":[{"start":{"line":61,"column":34},"end":{"line":61,"column":61}}]},"15":{"type":"branch","line":61,"loc":{"start":{"line":61,"column":61},"end":{"line":61,"column":73}},"locations":[{"start":{"line":61,"column":61},"end":{"line":61,"column":73}}]},"16":{"type":"branch","line":61,"loc":{"start":{"line":61,"column":68},"end":{"line":62,"column":42}},"locations":[{"start":{"line":61,"column":68},"end":{"line":62,"column":42}}]},"17":{"type":"branch","line":62,"loc":{"start":{"line":62,"column":31},"end":{"line":62,"column":50}},"locations":[{"start":{"line":62,"column":31},"end":{"line":62,"column":50}}]},"18":{"type":"branch","line":62,"loc":{"start":{"line":62,"column":42},"end":{"line":62,"column":68}},"locations":[{"start":{"line":62,"column":42},"end":{"line":62,"column":68}}]},"19":{"type":"branch","line":63,"loc":{"start":{"line":63,"column":18},"end":{"line":63,"column":29}},"locations":[{"start":{"line":63,"column":18},"end":{"line":63,"column":29}}]},"20":{"type":"branch","line":63,"loc":{"start":{"line":63,"column":22},"end":{"line":63,"column":33}},"locations":[{"start":{"line":63,"column":22},"end":{"line":63,"column":33}}]}},"b":{"0":[13],"1":[1],"2":[12],"3":[9],"4":[3],"5":[15],"6":[2],"7":[13],"8":[26],"9":[1],"10":[28],"11":[14],"12":[52],"13":[48],"14":[46],"15":[8],"16":[44],"17":[1],"18":[43],"19":[0],"20":[44]},"fnMap":{"0":{"name":"extractRackUrl","decl":{"start":{"line":7,"column":7},"end":{"line":13,"column":1}},"loc":{"start":{"line":7,"column":7},"end":{"line":13,"column":1}},"line":7},"1":{"name":"parseRackHtml","decl":{"start":{"line":19,"column":7},"end":{"line":58,"column":1}},"loc":{"start":{"line":19,"column":7},"end":{"line":58,"column":1}},"line":19},"2":{"name":"parsePrice","decl":{"start":{"line":60,"column":0},"end":{"line":64,"column":1}},"loc":{"start":{"line":60,"column":0},"end":{"line":64,"column":1}},"line":60}},"f":{"0":13,"1":15,"2":52}}
}
